{"/Users/farhadazarbarzinniaz/Documents/projects/lite-api-map/packages/core/src/api.ts": {"path":"/Users/farhadazarbarzinniaz/Documents/projects/lite-api-map/packages/core/src/api.ts","statementMap":{"0":{"start":{"line":10,"column":32},"end":{"line":57,"column":1}},"1":{"start":{"line":13,"column":52},"end":{"line":13,"column":58}},"2":{"start":{"line":16,"column":2},"end":{"line":18,"column":3}},"3":{"start":{"line":17,"column":4},"end":{"line":17,"column":48}},"4":{"start":{"line":20,"column":2},"end":{"line":22,"column":3}},"5":{"start":{"line":21,"column":4},"end":{"line":21,"column":43}},"6":{"start":{"line":25,"column":18},"end":{"line":27,"column":24}},"7":{"start":{"line":29,"column":14},"end":{"line":29,"column":58}},"8":{"start":{"line":31,"column":2},"end":{"line":56,"column":3}},"9":{"start":{"line":32,"column":21},"end":{"line":38,"column":6}},"10":{"start":{"line":40,"column":4},"end":{"line":47,"column":5}},"11":{"start":{"line":41,"column":24},"end":{"line":41,"column":45}},"12":{"start":{"line":42,"column":6},"end":{"line":46,"column":8}},"13":{"start":{"line":49,"column":38},"end":{"line":49,"column":59}},"14":{"start":{"line":50,"column":4},"end":{"line":50,"column":16}},"15":{"start":{"line":52,"column":4},"end":{"line":54,"column":5}},"16":{"start":{"line":53,"column":6},"end":{"line":53,"column":18}},"17":{"start":{"line":55,"column":4},"end":{"line":55,"column":68}},"18":{"start":{"line":62,"column":28},"end":{"line":108,"column":1}},"19":{"start":{"line":65,"column":48},"end":{"line":65,"column":54}},"20":{"start":{"line":68,"column":2},"end":{"line":70,"column":3}},"21":{"start":{"line":69,"column":4},"end":{"line":69,"column":48}},"22":{"start":{"line":72,"column":2},"end":{"line":74,"column":3}},"23":{"start":{"line":73,"column":4},"end":{"line":73,"column":59}},"24":{"start":{"line":77,"column":18},"end":{"line":79,"column":24}},"25":{"start":{"line":81,"column":14},"end":{"line":81,"column":70}},"26":{"start":{"line":83,"column":2},"end":{"line":107,"column":3}},"27":{"start":{"line":84,"column":21},"end":{"line":89,"column":6}},"28":{"start":{"line":91,"column":4},"end":{"line":98,"column":5}},"29":{"start":{"line":92,"column":24},"end":{"line":92,"column":45}},"30":{"start":{"line":93,"column":6},"end":{"line":97,"column":8}},"31":{"start":{"line":100,"column":30},"end":{"line":100,"column":51}},"32":{"start":{"line":101,"column":4},"end":{"line":101,"column":16}},"33":{"start":{"line":103,"column":4},"end":{"line":105,"column":5}},"34":{"start":{"line":104,"column":6},"end":{"line":104,"column":18}},"35":{"start":{"line":106,"column":4},"end":{"line":106,"column":69}}},"fnMap":{"0":{"name":"(anonymous_0)","decl":{"start":{"line":10,"column":32},"end":{"line":10,"column":37}},"loc":{"start":{"line":12,"column":34},"end":{"line":57,"column":1}}},"1":{"name":"(anonymous_1)","decl":{"start":{"line":62,"column":28},"end":{"line":62,"column":33}},"loc":{"start":{"line":64,"column":26},"end":{"line":108,"column":1}}}},"branchMap":{"0":{"loc":{"start":{"line":16,"column":2},"end":{"line":18,"column":3}},"type":"if","locations":[{"start":{"line":16,"column":2},"end":{"line":18,"column":3}},{"start":{},"end":{}}]},"1":{"loc":{"start":{"line":20,"column":2},"end":{"line":22,"column":3}},"type":"if","locations":[{"start":{"line":20,"column":2},"end":{"line":22,"column":3}},{"start":{},"end":{}}]},"2":{"loc":{"start":{"line":25,"column":18},"end":{"line":27,"column":24}},"type":"cond-expr","locations":[{"start":{"line":26,"column":6},"end":{"line":26,"column":18}},{"start":{"line":27,"column":6},"end":{"line":27,"column":24}}]},"3":{"loc":{"start":{"line":40,"column":4},"end":{"line":47,"column":5}},"type":"if","locations":[{"start":{"line":40,"column":4},"end":{"line":47,"column":5}},{"start":{},"end":{}}]},"4":{"loc":{"start":{"line":44,"column":10},"end":{"line":44,"column":null}},"type":"cond-expr","locations":[{"start":{"line":44,"column":22},"end":{"line":44,"column":39}},{"start":{"line":44,"column":42},"end":{"line":44,"column":null}}]},"5":{"loc":{"start":{"line":52,"column":4},"end":{"line":54,"column":5}},"type":"if","locations":[{"start":{"line":52,"column":4},"end":{"line":54,"column":5}},{"start":{},"end":{}}]},"6":{"loc":{"start":{"line":68,"column":2},"end":{"line":70,"column":3}},"type":"if","locations":[{"start":{"line":68,"column":2},"end":{"line":70,"column":3}},{"start":{},"end":{}}]},"7":{"loc":{"start":{"line":72,"column":2},"end":{"line":74,"column":3}},"type":"if","locations":[{"start":{"line":72,"column":2},"end":{"line":74,"column":3}},{"start":{},"end":{}}]},"8":{"loc":{"start":{"line":72,"column":6},"end":{"line":72,"column":55}},"type":"binary-expr","locations":[{"start":{"line":72,"column":6},"end":{"line":72,"column":28}},{"start":{"line":72,"column":32},"end":{"line":72,"column":55}}]},"9":{"loc":{"start":{"line":77,"column":18},"end":{"line":79,"column":24}},"type":"cond-expr","locations":[{"start":{"line":78,"column":6},"end":{"line":78,"column":18}},{"start":{"line":79,"column":6},"end":{"line":79,"column":24}}]},"10":{"loc":{"start":{"line":91,"column":4},"end":{"line":98,"column":5}},"type":"if","locations":[{"start":{"line":91,"column":4},"end":{"line":98,"column":5}},{"start":{},"end":{}}]},"11":{"loc":{"start":{"line":95,"column":10},"end":{"line":95,"column":null}},"type":"cond-expr","locations":[{"start":{"line":95,"column":22},"end":{"line":95,"column":39}},{"start":{"line":95,"column":42},"end":{"line":95,"column":null}}]},"12":{"loc":{"start":{"line":103,"column":4},"end":{"line":105,"column":5}},"type":"if","locations":[{"start":{"line":103,"column":4},"end":{"line":105,"column":5}},{"start":{},"end":{}}]}},"s":{"0":3,"1":7,"2":7,"3":1,"4":6,"5":1,"6":5,"7":5,"8":5,"9":5,"10":3,"11":1,"12":1,"13":2,"14":2,"15":3,"16":2,"17":1,"18":3,"19":9,"20":9,"21":1,"22":8,"23":2,"24":6,"25":6,"26":6,"27":6,"28":4,"29":1,"30":1,"31":3,"32":3,"33":3,"34":2,"35":1},"f":{"0":7,"1":9},"b":{"0":[1,6],"1":[1,5],"2":[0,5],"3":[1,2],"4":[1,0],"5":[2,1],"6":[1,8],"7":[2,6],"8":[8,7],"9":[1,5],"10":[1,3],"11":[1,0],"12":[2,1]}}
,"/Users/farhadazarbarzinniaz/Documents/projects/lite-api-map/packages/core/src/utils.ts": {"path":"/Users/farhadazarbarzinniaz/Documents/projects/lite-api-map/packages/core/src/utils.ts","statementMap":{"0":{"start":{"line":1,"column":33},"end":{"line":12,"column":1}},"1":{"start":{"line":2,"column":42},"end":{"line":10,"column":4}},"2":{"start":{"line":11,"column":2},"end":{"line":11,"column":39}}},"fnMap":{"0":{"name":"(anonymous_0)","decl":{"start":{"line":1,"column":33},"end":{"line":1,"column":34}},"loc":{"start":{"line":1,"column":62},"end":{"line":12,"column":1}}}},"branchMap":{"0":{"loc":{"start":{"line":11,"column":9},"end":{"line":11,"column":38}},"type":"binary-expr","locations":[{"start":{"line":11,"column":9},"end":{"line":11,"column":26}},{"start":{"line":11,"column":30},"end":{"line":11,"column":38}}]}},"s":{"0":2,"1":11,"2":11},"f":{"0":11},"b":{"0":[11,4]}}
,"/Users/farhadazarbarzinniaz/Documents/projects/lite-api-map/packages/core/src/features/hotelFeature.ts": {"path":"/Users/farhadazarbarzinniaz/Documents/projects/lite-api-map/packages/core/src/features/hotelFeature.ts","statementMap":{"0":{"start":{"line":19,"column":28},"end":{"line":54,"column":1}},"1":{"start":{"line":23,"column":2},"end":{"line":53,"column":4}},"2":{"start":{"line":26,"column":24},"end":{"line":26,"column":54}},"3":{"start":{"line":29,"column":6},"end":{"line":29,"column":47}},"4":{"start":{"line":30,"column":6},"end":{"line":30,"column":45}},"5":{"start":{"line":32,"column":27},"end":{"line":45,"column":8}},"6":{"start":{"line":33,"column":19},"end":{"line":33,"column":46}},"7":{"start":{"line":34,"column":8},"end":{"line":34,"column":39}},"8":{"start":{"line":35,"column":8},"end":{"line":35,"column":77}},"9":{"start":{"line":36,"column":8},"end":{"line":36,"column":33}},"10":{"start":{"line":37,"column":8},"end":{"line":37,"column":29}},"11":{"start":{"line":38,"column":8},"end":{"line":38,"column":30}},"12":{"start":{"line":40,"column":8},"end":{"line":44,"column":24}},"13":{"start":{"line":47,"column":6},"end":{"line":47,"column":43}},"14":{"start":{"line":51,"column":6},"end":{"line":51,"column":38}}},"fnMap":{"0":{"name":"(anonymous_0)","decl":{"start":{"line":19,"column":28},"end":{"line":19,"column":null}},"loc":{"start":{"line":22,"column":18},"end":{"line":54,"column":1}}},"1":{"name":"(anonymous_1)","decl":{"start":{"line":24,"column":4},"end":{"line":24,"column":9}},"loc":{"start":{"line":24,"column":46},"end":{"line":48,"column":5}}},"2":{"name":"(anonymous_2)","decl":{"start":{"line":32,"column":48},"end":{"line":32,"column":49}},"loc":{"start":{"line":32,"column":58},"end":{"line":45,"column":7}}},"3":{"name":"(anonymous_3)","decl":{"start":{"line":50,"column":4},"end":{"line":50,"column":13}},"loc":{"start":{"line":50,"column":13},"end":{"line":52,"column":5}}}},"branchMap":{},"s":{"0":1,"1":3,"2":0,"3":0,"4":0,"5":0,"6":0,"7":0,"8":0,"9":0,"10":0,"11":0,"12":0,"13":0,"14":3},"f":{"0":3,"1":0,"2":0,"3":3},"b":{}}
,"/Users/farhadazarbarzinniaz/Documents/projects/lite-api-map/packages/core/src/features/weatherFeature.ts": {"path":"/Users/farhadazarbarzinniaz/Documents/projects/lite-api-map/packages/core/src/features/weatherFeature.ts","statementMap":{"0":{"start":{"line":12,"column":45},"end":{"line":12,"column":49}},"1":{"start":{"line":13,"column":44},"end":{"line":13,"column":48}},"2":{"start":{"line":16,"column":4},"end":{"line":16,"column":51}},"3":{"start":{"line":17,"column":4},"end":{"line":18,"column":58}},"4":{"start":{"line":19,"column":4},"end":{"line":19,"column":42}},"5":{"start":{"line":20,"column":4},"end":{"line":20,"column":25}},"6":{"start":{"line":21,"column":4},"end":{"line":21,"column":26}},"7":{"start":{"line":25,"column":4},"end":{"line":27,"column":5}},"8":{"start":{"line":26,"column":6},"end":{"line":26,"column":60}},"9":{"start":{"line":28,"column":4},"end":{"line":28,"column":26}},"10":{"start":{"line":32,"column":4},"end":{"line":32,"column":31}},"11":{"start":{"line":33,"column":4},"end":{"line":33,"column":25}},"12":{"start":{"line":37,"column":4},"end":{"line":39,"column":5}},"13":{"start":{"line":38,"column":6},"end":{"line":38,"column":45}},"14":{"start":{"line":43,"column":4},"end":{"line":45,"column":5}},"15":{"start":{"line":44,"column":6},"end":{"line":44,"column":44}},"16":{"start":{"line":49,"column":4},"end":{"line":49,"column":32}},"17":{"start":{"line":49,"column":25},"end":{"line":49,"column":32}},"18":{"start":{"line":51,"column":4},"end":{"line":74,"column":5}},"19":{"start":{"line":52,"column":6},"end":{"line":71,"column":8}},"20":{"start":{"line":73,"column":6},"end":{"line":73,"column":80}},"21":{"start":{"line":78,"column":30},"end":{"line":154,"column":1}},"22":{"start":{"line":82,"column":43},"end":{"line":82,"column":47}},"23":{"start":{"line":83,"column":28},"end":{"line":83,"column":33}},"24":{"start":{"line":84,"column":36},"end":{"line":84,"column":40}},"25":{"start":{"line":85,"column":29},"end":{"line":85,"column":34}},"26":{"start":{"line":86,"column":25},"end":{"line":86,"column":45}},"27":{"start":{"line":87,"column":2},"end":{"line":87,"column":58}},"28":{"start":{"line":89,"column":2},"end":{"line":153,"column":4}},"29":{"start":{"line":91,"column":6},"end":{"line":91,"column":30}},"30":{"start":{"line":93,"column":23},"end":{"line":93,"column":45}},"31":{"start":{"line":95,"column":24},"end":{"line":95,"column":76}},"32":{"start":{"line":96,"column":24},"end":{"line":96,"column":78}},"33":{"start":{"line":98,"column":6},"end":{"line":131,"column":7}},"34":{"start":{"line":99,"column":24},"end":{"line":103,"column":10}},"35":{"start":{"line":105,"column":8},"end":{"line":105,"column":33}},"36":{"start":{"line":108,"column":8},"end":{"line":110,"column":9}},"37":{"start":{"line":109,"column":10},"end":{"line":109,"column":40}},"38":{"start":{"line":113,"column":8},"end":{"line":127,"column":9}},"39":{"start":{"line":114,"column":10},"end":{"line":114,"column":38}},"40":{"start":{"line":115,"column":10},"end":{"line":126,"column":13}},"41":{"start":{"line":116,"column":12},"end":{"line":125,"column":13}},"42":{"start":{"line":117,"column":14},"end":{"line":124,"column":15}},"43":{"start":{"line":118,"column":16},"end":{"line":118,"column":53}},"44":{"start":{"line":120,"column":16},"end":{"line":123,"column":18}},"45":{"start":{"line":129,"column":8},"end":{"line":129,"column":57}},"46":{"start":{"line":130,"column":8},"end":{"line":130,"column":20}},"47":{"start":{"line":135,"column":6},"end":{"line":135,"column":36}},"48":{"start":{"line":137,"column":6},"end":{"line":139,"column":7}},"49":{"start":{"line":138,"column":8},"end":{"line":138,"column":15}},"50":{"start":{"line":140,"column":22},"end":{"line":140,"column":76}},"51":{"start":{"line":142,"column":6},"end":{"line":147,"column":7}},"52":{"start":{"line":143,"column":8},"end":{"line":143,"column":43}},"53":{"start":{"line":144,"column":8},"end":{"line":144,"column":30}},"54":{"start":{"line":146,"column":8},"end":{"line":146,"column":30}},"55":{"start":{"line":151,"column":6},"end":{"line":151,"column":33}}},"fnMap":{"0":{"name":"(anonymous_0)","decl":{"start":{"line":15,"column":2},"end":{"line":15,"column":7}},"loc":{"start":{"line":15,"column":26},"end":{"line":22,"column":3}}},"1":{"name":"(anonymous_1)","decl":{"start":{"line":24,"column":2},"end":{"line":24,"column":10}},"loc":{"start":{"line":24,"column":10},"end":{"line":29,"column":3}}},"2":{"name":"(anonymous_2)","decl":{"start":{"line":31,"column":2},"end":{"line":31,"column":12}},"loc":{"start":{"line":31,"column":40},"end":{"line":34,"column":3}}},"3":{"name":"(anonymous_3)","decl":{"start":{"line":36,"column":2},"end":{"line":36,"column":6}},"loc":{"start":{"line":36,"column":6},"end":{"line":40,"column":3}}},"4":{"name":"(anonymous_4)","decl":{"start":{"line":42,"column":2},"end":{"line":42,"column":6}},"loc":{"start":{"line":42,"column":6},"end":{"line":46,"column":3}}},"5":{"name":"(anonymous_5)","decl":{"start":{"line":48,"column":10},"end":{"line":48,"column":23}},"loc":{"start":{"line":48,"column":23},"end":{"line":75,"column":3}}},"6":{"name":"(anonymous_6)","decl":{"start":{"line":78,"column":30},"end":{"line":78,"column":null}},"loc":{"start":{"line":81,"column":20},"end":{"line":154,"column":1}}},"7":{"name":"(anonymous_7)","decl":{"start":{"line":90,"column":4},"end":{"line":90,"column":9}},"loc":{"start":{"line":90,"column":38},"end":{"line":132,"column":5}}},"8":{"name":"(anonymous_8)","decl":{"start":{"line":115,"column":36},"end":{"line":115,"column":41}},"loc":{"start":{"line":115,"column":47},"end":{"line":126,"column":11}}},"9":{"name":"(anonymous_9)","decl":{"start":{"line":134,"column":4},"end":{"line":134,"column":22}},"loc":{"start":{"line":134,"column":39},"end":{"line":148,"column":5}}},"10":{"name":"(anonymous_10)","decl":{"start":{"line":150,"column":4},"end":{"line":150,"column":25}},"loc":{"start":{"line":150,"column":25},"end":{"line":152,"column":5}}}},"branchMap":{"0":{"loc":{"start":{"line":25,"column":4},"end":{"line":27,"column":5}},"type":"if","locations":[{"start":{"line":25,"column":4},"end":{"line":27,"column":5}},{"start":{},"end":{}}]},"1":{"loc":{"start":{"line":25,"column":8},"end":{"line":25,"column":51}},"type":"binary-expr","locations":[{"start":{"line":25,"column":8},"end":{"line":25,"column":22}},{"start":{"line":25,"column":26},"end":{"line":25,"column":51}}]},"2":{"loc":{"start":{"line":37,"column":4},"end":{"line":39,"column":5}},"type":"if","locations":[{"start":{"line":37,"column":4},"end":{"line":39,"column":5}},{"start":{},"end":{}}]},"3":{"loc":{"start":{"line":43,"column":4},"end":{"line":45,"column":5}},"type":"if","locations":[{"start":{"line":43,"column":4},"end":{"line":45,"column":5}},{"start":{},"end":{}}]},"4":{"loc":{"start":{"line":49,"column":4},"end":{"line":49,"column":32}},"type":"if","locations":[{"start":{"line":49,"column":4},"end":{"line":49,"column":32}},{"start":{},"end":{}}]},"5":{"loc":{"start":{"line":51,"column":4},"end":{"line":74,"column":5}},"type":"if","locations":[{"start":{"line":51,"column":4},"end":{"line":74,"column":5}},{"start":{"line":72,"column":11},"end":{"line":74,"column":5}}]},"6":{"loc":{"start":{"line":65,"column":14},"end":{"line":67,"column":null}},"type":"cond-expr","locations":[{"start":{"line":66,"column":18},"end":{"line":66,"column":76}},{"start":{"line":67,"column":18},"end":{"line":67,"column":null}}]},"7":{"loc":{"start":{"line":108,"column":8},"end":{"line":110,"column":9}},"type":"if","locations":[{"start":{"line":108,"column":8},"end":{"line":110,"column":9}},{"start":{},"end":{}}]},"8":{"loc":{"start":{"line":113,"column":8},"end":{"line":127,"column":9}},"type":"if","locations":[{"start":{"line":113,"column":8},"end":{"line":127,"column":9}},{"start":{},"end":{}}]},"9":{"loc":{"start":{"line":113,"column":12},"end":{"line":113,"column":49}},"type":"binary-expr","locations":[{"start":{"line":113,"column":12},"end":{"line":113,"column":33}},{"start":{"line":113,"column":37},"end":{"line":113,"column":49}}]},"10":{"loc":{"start":{"line":116,"column":12},"end":{"line":125,"column":13}},"type":"if","locations":[{"start":{"line":116,"column":12},"end":{"line":125,"column":13}},{"start":{},"end":{}}]},"11":{"loc":{"start":{"line":116,"column":16},"end":{"line":116,"column":51}},"type":"binary-expr","locations":[{"start":{"line":116,"column":16},"end":{"line":116,"column":35}},{"start":{"line":116,"column":39},"end":{"line":116,"column":51}}]},"12":{"loc":{"start":{"line":137,"column":6},"end":{"line":139,"column":7}},"type":"if","locations":[{"start":{"line":137,"column":6},"end":{"line":139,"column":7}},{"start":{},"end":{}}]},"13":{"loc":{"start":{"line":137,"column":10},"end":{"line":137,"column":66}},"type":"binary-expr","locations":[{"start":{"line":137,"column":10},"end":{"line":137,"column":30}},{"start":{"line":137,"column":34},"end":{"line":137,"column":66}}]},"14":{"loc":{"start":{"line":140,"column":22},"end":{"line":140,"column":76}},"type":"cond-expr","locations":[{"start":{"line":140,"column":50},"end":{"line":140,"column":64}},{"start":{"line":140,"column":67},"end":{"line":140,"column":76}}]},"15":{"loc":{"start":{"line":140,"column":22},"end":{"line":140,"column":47}},"type":"binary-expr","locations":[{"start":{"line":140,"column":22},"end":{"line":140,"column":29}},{"start":{"line":140,"column":33},"end":{"line":140,"column":47}}]},"16":{"loc":{"start":{"line":142,"column":6},"end":{"line":147,"column":7}},"type":"if","locations":[{"start":{"line":142,"column":6},"end":{"line":147,"column":7}},{"start":{"line":145,"column":13},"end":{"line":147,"column":7}}]}},"s":{"0":22,"1":22,"2":12,"3":12,"4":12,"5":12,"6":12,"7":3,"8":1,"9":3,"10":5,"11":5,"12":4,"13":4,"14":3,"15":2,"16":17,"17":0,"18":17,"19":4,"20":13,"21":1,"22":9,"23":9,"24":9,"25":9,"26":9,"27":9,"28":9,"29":0,"30":0,"31":0,"32":0,"33":0,"34":0,"35":0,"36":0,"37":0,"38":0,"39":0,"40":0,"41":0,"42":0,"43":0,"44":0,"45":0,"46":0,"47":11,"48":11,"49":10,"50":1,"51":1,"52":0,"53":0,"54":1,"55":10},"f":{"0":12,"1":3,"2":5,"3":4,"4":3,"5":17,"6":9,"7":0,"8":0,"9":11,"10":10},"b":{"0":[1,2],"1":[3,2],"2":[4,0],"3":[2,1],"4":[0,17],"5":[4,13],"6":[1,3],"7":[0,0],"8":[0,0],"9":[0,0],"10":[0,0],"11":[0,0],"12":[10,1],"13":[11,11],"14":[0,1],"15":[1,1],"16":[0,1]}}
,"/Users/farhadazarbarzinniaz/Documents/projects/lite-api-map/packages/core/src/providers/mapbox.ts": {"path":"/Users/farhadazarbarzinniaz/Documents/projects/lite-api-map/packages/core/src/providers/mapbox.ts","statementMap":{"0":{"start":{"line":6,"column":37},"end":{"line":6,"column":41}},"1":{"start":{"line":7,"column":39},"end":{"line":7,"column":41}},"2":{"start":{"line":9,"column":74},"end":{"line":9,"column":78}},"3":{"start":{"line":10,"column":64},"end":{"line":10,"column":68}},"4":{"start":{"line":13,"column":4},"end":{"line":15,"column":5}},"5":{"start":{"line":14,"column":6},"end":{"line":14,"column":50}},"6":{"start":{"line":18,"column":24},"end":{"line":20,"column":23}},"7":{"start":{"line":22,"column":4},"end":{"line":28,"column":7}},"8":{"start":{"line":30,"column":4},"end":{"line":30,"column":71}},"9":{"start":{"line":31,"column":4},"end":{"line":31,"column":70}},"10":{"start":{"line":34,"column":4},"end":{"line":38,"column":7}},"11":{"start":{"line":35,"column":6},"end":{"line":37,"column":9}},"12":{"start":{"line":36,"column":8},"end":{"line":36,"column":18}},"13":{"start":{"line":41,"column":4},"end":{"line":41,"column":44}},"14":{"start":{"line":44,"column":4},"end":{"line":46,"column":5}},"15":{"start":{"line":45,"column":6},"end":{"line":45,"column":45}},"16":{"start":{"line":48,"column":4},"end":{"line":48,"column":37}},"17":{"start":{"line":52,"column":4},"end":{"line":54,"column":5}},"18":{"start":{"line":53,"column":6},"end":{"line":53,"column":45}},"19":{"start":{"line":56,"column":4},"end":{"line":56,"column":27}},"20":{"start":{"line":60,"column":4},"end":{"line":62,"column":5}},"21":{"start":{"line":61,"column":6},"end":{"line":61,"column":45}},"22":{"start":{"line":65,"column":4},"end":{"line":65,"column":22}},"23":{"start":{"line":69,"column":4},"end":{"line":71,"column":5}},"24":{"start":{"line":70,"column":6},"end":{"line":70,"column":45}},"25":{"start":{"line":73,"column":19},"end":{"line":73,"column":39}},"26":{"start":{"line":74,"column":4},"end":{"line":76,"column":5}},"27":{"start":{"line":75,"column":6},"end":{"line":75,"column":50}},"28":{"start":{"line":78,"column":4},"end":{"line":91,"column":6}},"29":{"start":{"line":95,"column":4},"end":{"line":97,"column":5}},"30":{"start":{"line":96,"column":6},"end":{"line":96,"column":45}},"31":{"start":{"line":101,"column":40},"end":{"line":104,"column":6}},"32":{"start":{"line":105,"column":40},"end":{"line":108,"column":6}},"33":{"start":{"line":109,"column":4},"end":{"line":113,"column":7}},"34":{"start":{"line":117,"column":4},"end":{"line":119,"column":5}},"35":{"start":{"line":118,"column":6},"end":{"line":118,"column":45}},"36":{"start":{"line":121,"column":4},"end":{"line":121,"column":43}},"37":{"start":{"line":124,"column":4},"end":{"line":136,"column":7}},"38":{"start":{"line":126,"column":6},"end":{"line":128,"column":7}},"39":{"start":{"line":127,"column":8},"end":{"line":127,"column":41}},"40":{"start":{"line":130,"column":6},"end":{"line":135,"column":15}},"41":{"start":{"line":131,"column":8},"end":{"line":134,"column":9}},"42":{"start":{"line":132,"column":27},"end":{"line":132,"column":45}},"43":{"start":{"line":133,"column":10},"end":{"line":133,"column":48}},"44":{"start":{"line":140,"column":4},"end":{"line":142,"column":5}},"45":{"start":{"line":141,"column":6},"end":{"line":141,"column":45}},"46":{"start":{"line":143,"column":4},"end":{"line":145,"column":5}},"47":{"start":{"line":144,"column":6},"end":{"line":144,"column":26}},"48":{"start":{"line":147,"column":20},"end":{"line":152,"column":6}},"49":{"start":{"line":148,"column":21},"end":{"line":150,"column":25}},"50":{"start":{"line":151,"column":6},"end":{"line":151,"column":20}},"51":{"start":{"line":154,"column":4},"end":{"line":154,"column":49}},"52":{"start":{"line":158,"column":4},"end":{"line":158,"column":54}},"53":{"start":{"line":158,"column":37},"end":{"line":158,"column":52}},"54":{"start":{"line":159,"column":4},"end":{"line":159,"column":22}},"55":{"start":{"line":163,"column":4},"end":{"line":163,"column":24}},"56":{"start":{"line":166,"column":4},"end":{"line":169,"column":5}},"57":{"start":{"line":167,"column":6},"end":{"line":167,"column":39}},"58":{"start":{"line":168,"column":6},"end":{"line":168,"column":32}},"59":{"start":{"line":171,"column":4},"end":{"line":174,"column":5}},"60":{"start":{"line":172,"column":6},"end":{"line":172,"column":24}},"61":{"start":{"line":173,"column":6},"end":{"line":173,"column":22}}},"fnMap":{"0":{"name":"(anonymous_0)","decl":{"start":{"line":12,"column":2},"end":{"line":12,"column":7}},"loc":{"start":{"line":12,"column":44},"end":{"line":39,"column":3}}},"1":{"name":"(anonymous_1)","decl":{"start":{"line":34,"column":23},"end":{"line":34,"column":24}},"loc":{"start":{"line":34,"column":35},"end":{"line":38,"column":5}}},"2":{"name":"(anonymous_2)","decl":{"start":{"line":35,"column":27},"end":{"line":35,"column":30}},"loc":{"start":{"line":35,"column":32},"end":{"line":37,"column":7}}},"3":{"name":"(anonymous_3)","decl":{"start":{"line":40,"column":2},"end":{"line":40,"column":12}},"loc":{"start":{"line":40,"column":58},"end":{"line":42,"column":3}}},"4":{"name":"(anonymous_4)","decl":{"start":{"line":43,"column":2},"end":{"line":43,"column":11}},"loc":{"start":{"line":43,"column":36},"end":{"line":49,"column":3}}},"5":{"name":"(anonymous_5)","decl":{"start":{"line":51,"column":2},"end":{"line":51,"column":9}},"loc":{"start":{"line":51,"column":22},"end":{"line":57,"column":3}}},"6":{"name":"(anonymous_6)","decl":{"start":{"line":59,"column":2},"end":{"line":59,"column":8}},"loc":{"start":{"line":59,"column":8},"end":{"line":66,"column":3}}},"7":{"name":"(anonymous_7)","decl":{"start":{"line":68,"column":2},"end":{"line":68,"column":13}},"loc":{"start":{"line":68,"column":13},"end":{"line":92,"column":3}}},"8":{"name":"(anonymous_8)","decl":{"start":{"line":94,"column":2},"end":{"line":94,"column":13}},"loc":{"start":{"line":94,"column":32},"end":{"line":114,"column":3}}},"9":{"name":"(anonymous_9)","decl":{"start":{"line":116,"column":2},"end":{"line":116,"column":18}},"loc":{"start":{"line":116,"column":57},"end":{"line":137,"column":3}}},"10":{"name":"(anonymous_10)","decl":{"start":{"line":124,"column":27},"end":{"line":124,"column":30}},"loc":{"start":{"line":124,"column":32},"end":{"line":136,"column":5}}},"11":{"name":"(anonymous_11)","decl":{"start":{"line":130,"column":38},"end":{"line":130,"column":41}},"loc":{"start":{"line":130,"column":43},"end":{"line":135,"column":7}}},"12":{"name":"(anonymous_12)","decl":{"start":{"line":139,"column":2},"end":{"line":139,"column":15}},"loc":{"start":{"line":139,"column":70},"end":{"line":155,"column":3}}},"13":{"name":"(anonymous_13)","decl":{"start":{"line":147,"column":36},"end":{"line":147,"column":37}},"loc":{"start":{"line":147,"column":60},"end":{"line":152,"column":5}}},"14":{"name":"(anonymous_14)","decl":{"start":{"line":157,"column":2},"end":{"line":157,"column":14}},"loc":{"start":{"line":157,"column":14},"end":{"line":160,"column":3}}},"15":{"name":"(anonymous_15)","decl":{"start":{"line":158,"column":25},"end":{"line":158,"column":26}},"loc":{"start":{"line":158,"column":37},"end":{"line":158,"column":52}}},"16":{"name":"(anonymous_16)","decl":{"start":{"line":162,"column":2},"end":{"line":162,"column":9}},"loc":{"start":{"line":162,"column":9},"end":{"line":175,"column":3}}}},"branchMap":{"0":{"loc":{"start":{"line":13,"column":4},"end":{"line":15,"column":5}},"type":"if","locations":[{"start":{"line":13,"column":4},"end":{"line":15,"column":5}},{"start":{},"end":{}}]},"1":{"loc":{"start":{"line":18,"column":24},"end":{"line":20,"column":23}},"type":"cond-expr","locations":[{"start":{"line":19,"column":8},"end":{"line":19,"column":32}},{"start":{"line":20,"column":8},"end":{"line":20,"column":23}}]},"2":{"loc":{"start":{"line":25,"column":13},"end":{"line":25,"column":65}},"type":"binary-expr","locations":[{"start":{"line":25,"column":13},"end":{"line":25,"column":25}},{"start":{"line":25,"column":29},"end":{"line":25,"column":65}}]},"3":{"loc":{"start":{"line":26,"column":14},"end":{"line":26,"column":37}},"type":"binary-expr","locations":[{"start":{"line":26,"column":14},"end":{"line":26,"column":27}},{"start":{"line":26,"column":31},"end":{"line":26,"column":37}}]},"4":{"loc":{"start":{"line":27,"column":12},"end":{"line":27,"column":28}},"type":"binary-expr","locations":[{"start":{"line":27,"column":12},"end":{"line":27,"column":23}},{"start":{"line":27,"column":27},"end":{"line":27,"column":28}}]},"5":{"loc":{"start":{"line":44,"column":4},"end":{"line":46,"column":5}},"type":"if","locations":[{"start":{"line":44,"column":4},"end":{"line":46,"column":5}},{"start":{},"end":{}}]},"6":{"loc":{"start":{"line":52,"column":4},"end":{"line":54,"column":5}},"type":"if","locations":[{"start":{"line":52,"column":4},"end":{"line":54,"column":5}},{"start":{},"end":{}}]},"7":{"loc":{"start":{"line":60,"column":4},"end":{"line":62,"column":5}},"type":"if","locations":[{"start":{"line":60,"column":4},"end":{"line":62,"column":5}},{"start":{},"end":{}}]},"8":{"loc":{"start":{"line":69,"column":4},"end":{"line":71,"column":5}},"type":"if","locations":[{"start":{"line":69,"column":4},"end":{"line":71,"column":5}},{"start":{},"end":{}}]},"9":{"loc":{"start":{"line":74,"column":4},"end":{"line":76,"column":5}},"type":"if","locations":[{"start":{"line":74,"column":4},"end":{"line":76,"column":5}},{"start":{},"end":{}}]},"10":{"loc":{"start":{"line":95,"column":4},"end":{"line":97,"column":5}},"type":"if","locations":[{"start":{"line":95,"column":4},"end":{"line":97,"column":5}},{"start":{},"end":{}}]},"11":{"loc":{"start":{"line":117,"column":4},"end":{"line":119,"column":5}},"type":"if","locations":[{"start":{"line":117,"column":4},"end":{"line":119,"column":5}},{"start":{},"end":{}}]},"12":{"loc":{"start":{"line":126,"column":6},"end":{"line":128,"column":7}},"type":"if","locations":[{"start":{"line":126,"column":6},"end":{"line":128,"column":7}},{"start":{},"end":{}}]},"13":{"loc":{"start":{"line":131,"column":8},"end":{"line":134,"column":9}},"type":"if","locations":[{"start":{"line":131,"column":8},"end":{"line":134,"column":9}},{"start":{},"end":{}}]},"14":{"loc":{"start":{"line":139,"column":43},"end":{"line":139,"column":70}},"type":"default-arg","locations":[{"start":{"line":139,"column":65},"end":{"line":139,"column":70}}]},"15":{"loc":{"start":{"line":140,"column":4},"end":{"line":142,"column":5}},"type":"if","locations":[{"start":{"line":140,"column":4},"end":{"line":142,"column":5}},{"start":{},"end":{}}]},"16":{"loc":{"start":{"line":143,"column":4},"end":{"line":145,"column":5}},"type":"if","locations":[{"start":{"line":143,"column":4},"end":{"line":145,"column":5}},{"start":{},"end":{}}]},"17":{"loc":{"start":{"line":166,"column":4},"end":{"line":169,"column":5}},"type":"if","locations":[{"start":{"line":166,"column":4},"end":{"line":169,"column":5}},{"start":{},"end":{}}]},"18":{"loc":{"start":{"line":171,"column":4},"end":{"line":174,"column":5}},"type":"if","locations":[{"start":{"line":171,"column":4},"end":{"line":174,"column":5}},{"start":{},"end":{}}]}},"s":{"0":17,"1":17,"2":17,"3":17,"4":4,"5":2,"6":2,"7":2,"8":0,"9":0,"10":0,"11":0,"12":0,"13":2,"14":1,"15":1,"16":0,"17":1,"18":1,"19":0,"20":1,"21":1,"22":0,"23":1,"24":1,"25":0,"26":0,"27":0,"28":0,"29":1,"30":1,"31":0,"32":0,"33":0,"34":1,"35":1,"36":0,"37":0,"38":0,"39":0,"40":0,"41":0,"42":0,"43":0,"44":1,"45":1,"46":0,"47":0,"48":0,"49":0,"50":0,"51":0,"52":5,"53":0,"54":5,"55":3,"56":3,"57":0,"58":0,"59":3,"60":0,"61":0},"f":{"0":4,"1":0,"2":0,"3":2,"4":1,"5":1,"6":1,"7":1,"8":1,"9":1,"10":0,"11":0,"12":1,"13":0,"14":5,"15":0,"16":3},"b":{"0":[2,2],"1":[1,1],"2":[2,2],"3":[2,2],"4":[2,2],"5":[1,0],"6":[1,0],"7":[1,0],"8":[1,0],"9":[0,0],"10":[1,0],"11":[1,0],"12":[0,0],"13":[0,0],"14":[1],"15":[1,0],"16":[0,0],"17":[0,3],"18":[0,3]}}
}
