TN:
SF:src/api.ts
FN:10,(anonymous_0)
FN:62,(anonymous_1)
FNF:2
FNH:2
FNDA:7,(anonymous_0)
FNDA:9,(anonymous_1)
DA:10,3
DA:13,7
DA:16,7
DA:17,1
DA:20,6
DA:21,1
DA:25,5
DA:29,5
DA:31,5
DA:32,5
DA:40,3
DA:41,1
DA:42,1
DA:49,2
DA:50,2
DA:52,3
DA:53,2
DA:55,1
DA:62,3
DA:65,9
DA:68,9
DA:69,1
DA:72,8
DA:73,2
DA:77,6
DA:81,6
DA:83,6
DA:84,6
DA:91,4
DA:92,1
DA:93,1
DA:100,3
DA:101,3
DA:103,3
DA:104,2
DA:106,1
LF:36
LH:36
BRDA:16,0,0,1
BRDA:16,0,1,6
BRDA:20,1,0,1
BRDA:20,1,1,5
BRDA:25,2,0,0
BRDA:25,2,1,5
BRDA:40,3,0,1
BRDA:40,3,1,2
BRDA:44,4,0,1
BRDA:44,4,1,0
BRDA:52,5,0,2
BRDA:52,5,1,1
BRDA:68,6,0,1
BRDA:68,6,1,8
BRDA:72,7,0,2
BRDA:72,7,1,6
BRDA:72,8,0,8
BRDA:72,8,1,7
BRDA:77,9,0,1
BRDA:77,9,1,5
BRDA:91,10,0,1
BRDA:91,10,1,3
BRDA:95,11,0,1
BRDA:95,11,1,0
BRDA:103,12,0,2
BRDA:103,12,1,1
BRF:26
BRH:23
end_of_record
TN:
SF:src/utils.ts
FN:1,(anonymous_0)
FNF:1
FNH:1
FNDA:11,(anonymous_0)
DA:1,2
DA:2,11
DA:11,11
LF:3
LH:3
BRDA:11,0,0,11
BRDA:11,0,1,4
BRF:2
BRH:2
end_of_record
TN:
SF:src/features/hotelFeature.ts
FN:19,(anonymous_0)
FN:24,(anonymous_1)
FN:32,(anonymous_2)
FN:50,(anonymous_3)
FNF:4
FNH:2
FNDA:3,(anonymous_0)
FNDA:0,(anonymous_1)
FNDA:0,(anonymous_2)
FNDA:3,(anonymous_3)
DA:19,1
DA:23,3
DA:26,0
DA:29,0
DA:30,0
DA:32,0
DA:33,0
DA:34,0
DA:35,0
DA:36,0
DA:37,0
DA:38,0
DA:40,0
DA:47,0
DA:51,3
LF:15
LH:3
BRF:0
BRH:0
end_of_record
TN:
SF:src/features/weatherFeature.ts
FN:15,(anonymous_0)
FN:24,(anonymous_1)
FN:31,(anonymous_2)
FN:36,(anonymous_3)
FN:42,(anonymous_4)
FN:48,(anonymous_5)
FN:78,(anonymous_6)
FN:90,(anonymous_7)
FN:115,(anonymous_8)
FN:134,(anonymous_9)
FN:150,(anonymous_10)
FNF:11
FNH:9
FNDA:12,(anonymous_0)
FNDA:3,(anonymous_1)
FNDA:5,(anonymous_2)
FNDA:4,(anonymous_3)
FNDA:3,(anonymous_4)
FNDA:17,(anonymous_5)
FNDA:9,(anonymous_6)
FNDA:0,(anonymous_7)
FNDA:0,(anonymous_8)
FNDA:11,(anonymous_9)
FNDA:10,(anonymous_10)
DA:12,22
DA:13,22
DA:16,12
DA:17,12
DA:19,12
DA:20,12
DA:21,12
DA:25,3
DA:26,1
DA:28,3
DA:32,5
DA:33,5
DA:37,4
DA:38,4
DA:43,3
DA:44,2
DA:49,17
DA:51,17
DA:52,4
DA:73,13
DA:78,1
DA:82,9
DA:83,9
DA:84,9
DA:85,9
DA:86,9
DA:87,9
DA:89,9
DA:91,0
DA:93,0
DA:95,0
DA:96,0
DA:98,0
DA:99,0
DA:105,0
DA:108,0
DA:109,0
DA:113,0
DA:114,0
DA:115,0
DA:116,0
DA:117,0
DA:118,0
DA:120,0
DA:129,0
DA:130,0
DA:135,11
DA:137,11
DA:138,10
DA:140,1
DA:142,1
DA:143,0
DA:144,0
DA:146,1
DA:151,10
LF:55
LH:35
BRDA:25,0,0,1
BRDA:25,0,1,2
BRDA:25,1,0,3
BRDA:25,1,1,2
BRDA:37,2,0,4
BRDA:37,2,1,0
BRDA:43,3,0,2
BRDA:43,3,1,1
BRDA:49,4,0,0
BRDA:49,4,1,17
BRDA:51,5,0,4
BRDA:51,5,1,13
BRDA:65,6,0,1
BRDA:65,6,1,3
BRDA:108,7,0,0
BRDA:108,7,1,0
BRDA:113,8,0,0
BRDA:113,8,1,0
BRDA:113,9,0,0
BRDA:113,9,1,0
BRDA:116,10,0,0
BRDA:116,10,1,0
BRDA:116,11,0,0
BRDA:116,11,1,0
BRDA:137,12,0,10
BRDA:137,12,1,1
BRDA:137,13,0,11
BRDA:137,13,1,11
BRDA:140,14,0,0
BRDA:140,14,1,1
BRDA:140,15,0,1
BRDA:140,15,1,1
BRDA:142,16,0,0
BRDA:142,16,1,1
BRF:34
BRH:20
end_of_record
TN:
SF:src/providers/mapbox.ts
FN:12,(anonymous_0)
FN:34,(anonymous_1)
FN:35,(anonymous_2)
FN:40,(anonymous_3)
FN:43,(anonymous_4)
FN:51,(anonymous_5)
FN:59,(anonymous_6)
FN:68,(anonymous_7)
FN:94,(anonymous_8)
FN:116,(anonymous_9)
FN:124,(anonymous_10)
FN:130,(anonymous_11)
FN:139,(anonymous_12)
FN:147,(anonymous_13)
FN:157,(anonymous_14)
FN:158,(anonymous_15)
FN:162,(anonymous_16)
FNF:17
FNH:11
FNDA:4,(anonymous_0)
FNDA:0,(anonymous_1)
FNDA:0,(anonymous_2)
FNDA:2,(anonymous_3)
FNDA:1,(anonymous_4)
FNDA:1,(anonymous_5)
FNDA:1,(anonymous_6)
FNDA:1,(anonymous_7)
FNDA:1,(anonymous_8)
FNDA:1,(anonymous_9)
FNDA:0,(anonymous_10)
FNDA:0,(anonymous_11)
FNDA:1,(anonymous_12)
FNDA:0,(anonymous_13)
FNDA:5,(anonymous_14)
FNDA:0,(anonymous_15)
FNDA:3,(anonymous_16)
DA:6,17
DA:7,17
DA:9,17
DA:10,17
DA:13,4
DA:14,2
DA:18,2
DA:22,2
DA:30,0
DA:31,0
DA:34,0
DA:35,0
DA:36,0
DA:41,2
DA:44,1
DA:45,1
DA:48,0
DA:52,1
DA:53,1
DA:56,0
DA:60,1
DA:61,1
DA:65,0
DA:69,1
DA:70,1
DA:73,0
DA:74,0
DA:75,0
DA:78,0
DA:95,1
DA:96,1
DA:101,0
DA:105,0
DA:109,0
DA:117,1
DA:118,1
DA:121,0
DA:124,0
DA:126,0
DA:127,0
DA:130,0
DA:131,0
DA:132,0
DA:133,0
DA:140,1
DA:141,1
DA:143,0
DA:144,0
DA:147,0
DA:148,0
DA:151,0
DA:154,0
DA:158,5
DA:159,5
DA:163,3
DA:166,3
DA:167,0
DA:168,0
DA:171,3
DA:172,0
DA:173,0
LF:61
LH:28
BRDA:13,0,0,2
BRDA:13,0,1,2
BRDA:18,1,0,1
BRDA:18,1,1,1
BRDA:25,2,0,2
BRDA:25,2,1,2
BRDA:26,3,0,2
BRDA:26,3,1,2
BRDA:27,4,0,2
BRDA:27,4,1,2
BRDA:44,5,0,1
BRDA:44,5,1,0
BRDA:52,6,0,1
BRDA:52,6,1,0
BRDA:60,7,0,1
BRDA:60,7,1,0
BRDA:69,8,0,1
BRDA:69,8,1,0
BRDA:74,9,0,0
BRDA:74,9,1,0
BRDA:95,10,0,1
BRDA:95,10,1,0
BRDA:117,11,0,1
BRDA:117,11,1,0
BRDA:126,12,0,0
BRDA:126,12,1,0
BRDA:131,13,0,0
BRDA:131,13,1,0
BRDA:139,14,0,1
BRDA:140,15,0,1
BRDA:140,15,1,0
BRDA:143,16,0,0
BRDA:143,16,1,0
BRDA:166,17,0,0
BRDA:166,17,1,3
BRDA:171,18,0,0
BRDA:171,18,1,3
BRF:37
BRH:20
end_of_record
